Using pre-set license
Built from 'trunk' branch; Version is '2020.2.0b2 (90b2443a8df1) revision 9482820'; Using compiler version '192528614'; Build Type 'Release'
OS: 'Windows 10  (10.0.0) 64bit' Language: 'en' Physical Memory: 16228 MB
BatchMode: 1, IsHumanControllingUs: 0, StartBugReporterOnCrash: 0, Is64bit: 1, IsPro: 0

 COMMAND LINE ARGUMENTS:
C:\Program Files\Unity\Editor\2020.2.0b2\Editor\Unity.exe
-adb2
-batchMode
-noUpm
-name
AssetImportWorker0
-projectPath
D:/Projects/UnityGPUBitonicSort/GPUBitonicSort
-logFile
Logs/AssetImportWorker0.log
-srvPort
59946
Successfully changed project path to: D:/Projects/UnityGPUBitonicSort/GPUBitonicSort
D:/Projects/UnityGPUBitonicSort/GPUBitonicSort
Using Asset Import Pipeline V2.
Refreshing native plugins compatible for Editor in 34.07 ms, found 0 plugins.
Preloading 0 native plugins for Editor in 0.00 ms.
Initialize engine version: 2020.2.0b2 (90b2443a8df1)
[Subsystems] Discovering subsystems at path C:/Program Files/Unity/Editor/2020.2.0b2/Editor/Data/Resources/UnitySubsystems
[Subsystems] Discovering subsystems at path D:/Projects/UnityGPUBitonicSort/GPUBitonicSort/Assets
GfxDevice: creating device client; threaded=0
Direct3D:
    Version:  Direct3D 11.0 [level 11.1]
    Renderer: NVIDIA GeForce GTX 1660 Ti (ID=0x2191)
    Vendor:   
    VRAM:     5991 MB
    Driver:   27.21.14.5167
Initialize mono
Mono path[0] = 'C:/Program Files/Unity/Editor/2020.2.0b2/Editor/Data/Managed'
Mono path[1] = 'C:/Program Files/Unity/Editor/2020.2.0b2/Editor/Data/MonoBleedingEdge/lib/mono/unityjit'
Mono config path = 'C:/Program Files/Unity/Editor/2020.2.0b2/Editor/Data/MonoBleedingEdge/etc'
Using monoOptions --debugger-agent=transport=dt_socket,embedding=1,server=y,suspend=n,address=127.0.0.1:56532
Begin MonoManager ReloadAssembly
Registering precompiled unity dll's ...
Register platform support module: C:/Program Files/Unity/Editor/2020.2.0b2/Editor/Data/PlaybackEngines/WindowsStandaloneSupport/UnityEditor.WindowsStandalone.Extensions.dll
Registered in 0.001763 seconds.
Native extension for WindowsStandalone target not found
Refreshing native plugins compatible for Editor in 29.30 ms, found 0 plugins.
Preloading 0 native plugins for Editor in 0.00 ms.
Invoked RoslynAnalysisRunner static constructor.
RoslynAnalysisRunner will not be running.
RoslynAnalysisRunner has terminated.
Mono: successfully reloaded assembly
- Completed reload, in  2.413 seconds
Registering precompiled user dll's ...
Registered in 0.041086 seconds.
Platform modules already initialized, skipping
Begin MonoManager ReloadAssembly
Symbol file LoadedFromMemory doesn't match image D:\Projects\UnityGPUBitonicSort\GPUBitonicSort\Library\PackageCache\com.unity.ext.nunit@1.0.0\net35\unity-custom\nunit.framework.dll
Native extension for WindowsStandalone target not found
Refreshing native plugins compatible for Editor in 0.22 ms, found 0 plugins.
Preloading 0 native plugins for Editor in 0.00 ms.
Invoked RoslynAnalysisRunner static constructor.
RoslynAnalysisRunner will not be running.
RoslynAnalysisRunner has terminated.
Mono: successfully reloaded assembly
- Completed reload, in  0.942 seconds
Platform modules already initialized, skipping
========================================================================
Worker process is ready to serve import requests
Launched and connected shader compiler UnityShaderCompiler.exe after 0.08 seconds
Refreshing native plugins compatible for Editor in 0.26 ms, found 0 plugins.
Preloading 0 native plugins for Editor in 0.00 ms.
Unloading 1090 Unused Serialized files (Serialized files now loaded: 0)
System memory in use before: 57.2 MB.
System memory in use after: 57.3 MB.

Unloading 4 unused Assets to reduce memory usage. Loaded Objects now: 1529.
Total: 2.802600 ms (FindLiveObjects: 0.429000 ms CreateObjectMapping: 0.112300 ms MarkObjects: 2.187200 ms  DeleteObjects: 0.073100 ms)

========================================================================
Received Import Request.
  path: Assets/BitonicSortCS/BitonicSort.compute
  artifactKey: Guid(ae617921b866670408b7514a91b540a0) Importer(815301076,1909f56bfc062723c751e8b465ee728b)
Start importing Assets/BitonicSortCS/BitonicSort.compute using Guid(ae617921b866670408b7514a91b540a0) Importer(815301076,1909f56bfc062723c751e8b465ee728b)  -> (artifact id: '4cdea41729a26aa51a6e7371e02363d0') in 0.063631 seconds
  Import took 0.066162 seconds .

========================================================================
Received Import Request.
  Time since last request: 0.000553 seconds.
  path: Assets/BitonicSortCS/BitonicSortCS.cs
  artifactKey: Guid(d0222eb51169d234c984a6aa9fbd9c5d) Importer(815301076,1909f56bfc062723c751e8b465ee728b)
Start importing Assets/BitonicSortCS/BitonicSortCS.cs using Guid(d0222eb51169d234c984a6aa9fbd9c5d) Importer(815301076,1909f56bfc062723c751e8b465ee728b)  -> (artifact id: 'bd5fd3f01681ef2d215cfcc9a513a2ea') in 0.015967 seconds
  Import took 0.018200 seconds .

========================================================================
Received Import Request.
  Time since last request: 0.000366 seconds.
  path: Assets/BitonicSortCS
  artifactKey: Guid(757a808be04a88b40b8a497ead251c3e) Importer(815301076,1909f56bfc062723c751e8b465ee728b)
Start importing Assets/BitonicSortCS using Guid(757a808be04a88b40b8a497ead251c3e) Importer(815301076,1909f56bfc062723c751e8b465ee728b)  -> (artifact id: '2c8f95bbec2a000f730586e0c0049ca9') in 0.002374 seconds
  Import took 0.004444 seconds .

========================================================================
Received Import Request.
  Time since last request: 0.000333 seconds.
  path: Assets/BitonicSortRT
  artifactKey: Guid(49437e4adc5be3d40ab868f6d22bceb2) Importer(815301076,1909f56bfc062723c751e8b465ee728b)
Start importing Assets/BitonicSortRT using Guid(49437e4adc5be3d40ab868f6d22bceb2) Importer(815301076,1909f56bfc062723c751e8b465ee728b)  -> (artifact id: 'f91c78dca3848e4699271d50f1c89fdd') in 0.007852 seconds
  Import took 0.010083 seconds .

========================================================================
Received Import Request.
  Time since last request: 0.000485 seconds.
  path: Assets/BitonicSortCS/BitonicSortCS.unity
  artifactKey: Guid(a1de8c0bc17fd324cb3694ea7958d8dc) Importer(815301076,1909f56bfc062723c751e8b465ee728b)
Start importing Assets/BitonicSortCS/BitonicSortCS.unity using Guid(a1de8c0bc17fd324cb3694ea7958d8dc) Importer(815301076,1909f56bfc062723c751e8b465ee728b)  -> (artifact id: 'f1e84708617f7d3af82537711984f35c') in 0.008236 seconds
  Import took 0.011227 seconds .

========================================================================
Received Import Request.
  Time since last request: 12.786821 seconds.
  path: Assets/BitonicSortRT/BitonicSort.shader
  artifactKey: Guid(cf738e3163b80d14d9e4521f002927a9) Importer(815301076,1909f56bfc062723c751e8b465ee728b)
Start importing Assets/BitonicSortRT/BitonicSort.shader using Guid(cf738e3163b80d14d9e4521f002927a9) Importer(815301076,1909f56bfc062723c751e8b465ee728b)  -> (artifact id: '05bc039d42392e1119e7c0e45afbb2d0') in 0.033716 seconds
  Import took 0.045856 seconds .

========================================================================
Received Import Request.
  Time since last request: 0.000327 seconds.
  path: Assets/BitonicSortRT/BitonicSortRT.unity
  artifactKey: Guid(41b701685e8d11940b15ecd70ffc21ce) Importer(815301076,1909f56bfc062723c751e8b465ee728b)
Start importing Assets/BitonicSortRT/BitonicSortRT.unity using Guid(41b701685e8d11940b15ecd70ffc21ce) Importer(815301076,1909f56bfc062723c751e8b465ee728b)  -> (artifact id: '4f30ac98bbb668199f59ac16282aaa20') in 0.009038 seconds
  Import took 0.012380 seconds .

========================================================================
Received Import Request.
  Time since last request: 0.000193 seconds.
  path: Assets/BitonicSortRT/BitonicSortRT.cs
  artifactKey: Guid(96a5a918a57ad5141ad4090bb2734d51) Importer(815301076,1909f56bfc062723c751e8b465ee728b)
Start importing Assets/BitonicSortRT/BitonicSortRT.cs using Guid(96a5a918a57ad5141ad4090bb2734d51) Importer(815301076,1909f56bfc062723c751e8b465ee728b)  -> (artifact id: '874132a2939c4cef0c9be8bc83e1a9e7') in 0.002399 seconds
  Import took 0.004877 seconds .

========================================================================
Received Import Request.
  Time since last request: 0.003116 seconds.
  path: Assets/BitonicSortRT/BitonicSort.shader
  artifactKey: Guid(cf738e3163b80d14d9e4521f002927a9) Importer(815301076,1909f56bfc062723c751e8b465ee728b)
Start importing Assets/BitonicSortRT/BitonicSort.shader using Guid(cf738e3163b80d14d9e4521f002927a9) Importer(815301076,1909f56bfc062723c751e8b465ee728b)  -> (artifact id: '05bc039d42392e1119e7c0e45afbb2d0') in 0.003295 seconds
  Import took 0.006156 seconds .

========================================================================
Received Prepare
Reloading mono domain
Begin MonoManager ReloadAssembly
Registering precompiled unity dll's ...
Register platform support module: C:/Program Files/Unity/Editor/2020.2.0b2/Editor/Data/PlaybackEngines/WindowsStandaloneSupport/UnityEditor.WindowsStandalone.Extensions.dll
Registered in 0.001855 seconds.
Symbol file LoadedFromMemory doesn't match image D:\Projects\UnityGPUBitonicSort\GPUBitonicSort\Library\PackageCache\com.unity.ext.nunit@1.0.0\net35\unity-custom\nunit.framework.dll
Native extension for WindowsStandalone target not found
Refreshing native plugins compatible for Editor in 19.41 ms, found 0 plugins.
Preloading 0 native plugins for Editor in 0.00 ms.
Invoked RoslynAnalysisRunner static constructor.
RoslynAnalysisRunner will not be running.
RoslynAnalysisRunner has terminated.
Mono: successfully reloaded assembly
- Completed reload, in  0.757 seconds
Registering precompiled user dll's ...
Registered in 0.030778 seconds.
Platform modules already initialized, skipping
Begin MonoManager ReloadAssembly
Symbol file LoadedFromMemory doesn't match image D:\Projects\UnityGPUBitonicSort\GPUBitonicSort\Library\PackageCache\com.unity.ext.nunit@1.0.0\net35\unity-custom\nunit.framework.dll
Native extension for WindowsStandalone target not found
Refreshing native plugins compatible for Editor in 0.17 ms, found 0 plugins.
Preloading 0 native plugins for Editor in 0.00 ms.
Invoked RoslynAnalysisRunner static constructor.
RoslynAnalysisRunner will not be running.
RoslynAnalysisRunner has terminated.
Mono: successfully reloaded assembly
- Completed reload, in  0.715 seconds
Platform modules already initialized, skipping
Refreshing native plugins compatible for Editor in 0.17 ms, found 0 plugins.
Preloading 0 native plugins for Editor in 0.00 ms.
Unloading 5 Unused Serialized files (Serialized files now loaded: 0)
System memory in use before: 35.7 MB.
System memory in use after: 35.8 MB.

Unloading 4 unused Assets to reduce memory usage. Loaded Objects now: 1533.
Total: 1.615100 ms (FindLiveObjects: 0.222100 ms CreateObjectMapping: 0.037200 ms MarkObjects: 1.327000 ms  DeleteObjects: 0.027500 ms)

========================================================================
Received Prepare
Reloading mono domain
Begin MonoManager ReloadAssembly
Registering precompiled unity dll's ...
Register platform support module: C:/Program Files/Unity/Editor/2020.2.0b2/Editor/Data/PlaybackEngines/WindowsStandaloneSupport/UnityEditor.WindowsStandalone.Extensions.dll
Registered in 0.001306 seconds.
Symbol file LoadedFromMemory doesn't match image D:\Projects\UnityGPUBitonicSort\GPUBitonicSort\Library\PackageCache\com.unity.ext.nunit@1.0.0\net35\unity-custom\nunit.framework.dll
Native extension for WindowsStandalone target not found
Refreshing native plugins compatible for Editor in 20.89 ms, found 0 plugins.
Preloading 0 native plugins for Editor in 0.00 ms.
Invoked RoslynAnalysisRunner static constructor.
RoslynAnalysisRunner will not be running.
RoslynAnalysisRunner has terminated.
Mono: successfully reloaded assembly
- Completed reload, in  0.835 seconds
Registering precompiled user dll's ...
Registered in 0.032159 seconds.
Platform modules already initialized, skipping
Begin MonoManager ReloadAssembly
Symbol file LoadedFromMemory doesn't match image D:\Projects\UnityGPUBitonicSort\GPUBitonicSort\Library\PackageCache\com.unity.ext.nunit@1.0.0\net35\unity-custom\nunit.framework.dll
Native extension for WindowsStandalone target not found
Refreshing native plugins compatible for Editor in 0.17 ms, found 0 plugins.
Preloading 0 native plugins for Editor in 0.00 ms.
Invoked RoslynAnalysisRunner static constructor.
RoslynAnalysisRunner will not be running.
RoslynAnalysisRunner has terminated.
Mono: successfully reloaded assembly
- Completed reload, in  0.800 seconds
Platform modules already initialized, skipping
Refreshing native plugins compatible for Editor in 0.19 ms, found 0 plugins.
Preloading 0 native plugins for Editor in 0.00 ms.
Unloading 5 Unused Serialized files (Serialized files now loaded: 0)
System memory in use before: 35.8 MB.
System memory in use after: 35.9 MB.

Unloading 4 unused Assets to reduce memory usage. Loaded Objects now: 1537.
Total: 1.526900 ms (FindLiveObjects: 0.275800 ms CreateObjectMapping: 0.040600 ms MarkObjects: 1.197600 ms  DeleteObjects: 0.010600 ms)

AssetImportWorkerClient::OnTransportError - code=2 error=End of file
